<?xml version="1.0" encoding="UTF-8"?>
<testng-results ignored="0" total="1" passed="1" failed="0" skipped="0">
  <reporter-output>
  </reporter-output>
  <suite started-at="2023-10-02T15:33:03 IST" name="Suite" finished-at="2023-10-02T15:33:12 IST" duration-ms="8237">
    <groups>
    </groups>
    <test started-at="2023-10-02T15:33:03 IST" name="Test" finished-at="2023-10-02T15:33:12 IST" duration-ms="8237">
      <class name="saucedemo.tests.LoginPageTests">
        <test-method is-config="true" signature="launchApp()[pri:0, instance:saucedemo.tests.LoginPageTests@5d0bf09b]" started-at="2023-10-02T15:33:03 IST" name="launchApp" finished-at="2023-10-02T15:33:09 IST" duration-ms="5566" status="PASS">
          <reporter-output>
          </reporter-output>
        </test-method> <!-- launchApp -->
        <test-method signature="login(java.lang.String,java.lang.String,java.lang.String,java.lang.String,java.lang.String)[pri:1, instance:saucedemo.tests.LoginPageTests@5d0bf09b]" started-at="2023-10-02T15:33:09 IST" name="login" data-provider="login" finished-at="2023-10-02T15:33:11 IST" duration-ms="2209" status="PASS">
          <params>
            <param index="0">
              <value>
                <![CDATA[standard_user]]>
              </value>
            </param>
            <param index="1">
              <value>
                <![CDATA[secret_sauce]]>
              </value>
            </param>
            <param index="2">
              <value>
                <![CDATA[arun]]>
              </value>
            </param>
            <param index="3">
              <value>
                <![CDATA[sagar]]>
              </value>
            </param>
            <param index="4">
              <value>
                <![CDATA[234567]]>
              </value>
            </param>
          </params>
          <reporter-output>
          </reporter-output>
        </test-method> <!-- login -->
        <test-method is-config="true" signature="closeApp()[pri:0, instance:saucedemo.tests.LoginPageTests@5d0bf09b]" started-at="2023-10-02T15:33:11 IST" name="closeApp" finished-at="2023-10-02T15:33:12 IST" duration-ms="349" status="PASS">
          <reporter-output>
          </reporter-output>
        </test-method> <!-- closeApp -->
      </class> <!-- saucedemo.tests.LoginPageTests -->
    </test> <!-- Test -->
  </suite> <!-- Suite -->
</testng-results>
